0 info it worked if it ends with ok
1 verbose cli [
1 verbose cli   'D:\\Program Files\\nodejs\\node.exe',
1 verbose cli   'C:\\Users\\admin\\AppData\\Roaming\\npm\\node_modules\\npm\\bin\\npm-cli.js',
1 verbose cli   'start'
1 verbose cli ]
2 info using npm@6.14.3
3 info using node@v13.10.1
4 verbose stack Error: Failed to parse json
4 verbose stack Unexpected token b in JSON at position 0 while parsing near 'bpm{
4 verbose stack   "name": "Rect...'
4 verbose stack     at parseError (C:\Users\admin\AppData\Roaming\npm\node_modules\npm\node_modules\read-package-json\read-json.js:470:11)
4 verbose stack     at parseJson (C:\Users\admin\AppData\Roaming\npm\node_modules\npm\node_modules\read-package-json\read-json.js:105:26)
4 verbose stack     at C:\Users\admin\AppData\Roaming\npm\node_modules\npm\node_modules\read-package-json\read-json.js:52:5
4 verbose stack     at C:\Users\admin\AppData\Roaming\npm\node_modules\npm\node_modules\graceful-fs\graceful-fs.js:115:16
4 verbose stack     at FSReqCallback.readFileAfterClose [as oncomplete] (internal/fs/read_file_context.js:63:3)
5 verbose cwd D:\Work\Test2\production
6 verbose Windows_NT 10.0.18362
7 verbose argv "D:\\Program Files\\nodejs\\node.exe" "C:\\Users\\admin\\AppData\\Roaming\\npm\\node_modules\\npm\\bin\\npm-cli.js" "start"
8 verbose node v13.10.1
9 verbose npm  v6.14.3
10 error code EJSONPARSE
11 error file D:\Work\Test2\production\package.json
12 error JSON.parse Failed to parse json
12 error JSON.parse Unexpected token b in JSON at position 0 while parsing near 'bpm{
12 error JSON.parse   "name": "Rect...'
13 error JSON.parse Failed to parse package.json data.
13 error JSON.parse package.json must be actual JSON, not just JavaScript.
14 verbose exit [ 1, true ]
